<?xml version="1.0" encoding="UTF-8"?>
<!-- Generated by org.testng.reporters.JUnitReportReporter -->
<testsuite hostname="jeeveslaptop" failures="0" tests="1" name="AvactisTestCases.ManageCategoriesTest" time="34.114" errors="0" timestamp="2022-11-22T12:58:13 IST" skipped="0">
  <testcase classname="AvactisTestCases.ManageCategoriesTest" name="createSubCategory" time="34.114"/>
  <system-out/>
</testsuite> <!-- AvactisTestCases.ManageCategoriesTest -->
