<?xml version="1.0" encoding="UTF-8"?>
<!-- Generated by org.testng.reporters.JUnitReportReporter -->
<testsuite hostname="jeeveslaptop" failures="0" tests="1" name="AvactisTestCases.ReviewTest" time="39.872" errors="0" timestamp="2022-11-21T23:31:51 IST" skipped="0">
  <testcase classname="AvactisTestCases.ReviewTest" name="SearchReview" time="39.872"/>
  <system-out/>
</testsuite> <!-- AvactisTestCases.ReviewTest -->
