<?xml version="1.0" encoding="UTF-8"?>
<!-- Generated by org.testng.reporters.JUnitReportReporter -->
<testsuite hostname="jeeveslaptop" failures="0" tests="2" name="AvactisTestCases.ManageProductsTest" time="41.652" errors="0" timestamp="2022-11-22T12:58:13 IST" skipped="0">
  <testcase classname="AvactisTestCases.ManageProductsTest" name="MoveProduct" time="4.071"/>
  <system-out/>
  <testcase classname="AvactisTestCases.ManageProductsTest" name="AddProduct" time="37.581"/>
  <system-out/>
</testsuite> <!-- AvactisTestCases.ManageProductsTest -->
