<?xml version="1.0" encoding="UTF-8"?>
<!-- Generated by org.testng.reporters.JUnitReportReporter -->
<testsuite hostname="jeeveslaptop" failures="0" tests="1" name="AvactisTestCases.ReviewTest" time="39.332" errors="0" timestamp="2022-11-20T21:48:30 IST" skipped="0">
  <testcase classname="AvactisTestCases.ReviewTest" name="SearchReview" time="39.332"/>
  <system-out/>
</testsuite> <!-- AvactisTestCases.ReviewTest -->
