<?xml version="1.0" encoding="UTF-8"?>
<!-- Generated by org.testng.reporters.JUnitReportReporter -->
<testsuite hostname="jeeveslaptop" failures="0" tests="1" name="AvactisTestCases.LoginPageTest" time="24.997" errors="0" timestamp="2022-11-22T12:58:13 IST" skipped="0">
  <testcase classname="AvactisTestCases.LoginPageTest" name="AdminSignIn" time="24.997"/>
  <system-out/>
</testsuite> <!-- AvactisTestCases.LoginPageTest -->
