<?xml version="1.0" encoding="UTF-8"?>
<!-- Generated by org.testng.reporters.JUnitReportReporter -->
<testsuite hostname="jeeveslaptop" failures="0" tests="4" name="AvactisTestCases.CustomerspageTest" time="0.000" errors="0" timestamp="2022-11-20T12:19:37 IST" skipped="4">
  <testcase classname="AvactisTestCases.CustomerspageTest" name="activatePassword" time="0.000">
    <skipped/>
  </testcase> <!-- activatePassword -->
  <system-out/>
  <testcase classname="AvactisTestCases.CustomerspageTest" name="CreateCustmersGrp" time="0.000">
    <skipped/>
  </testcase> <!-- CreateCustmersGrp -->
  <system-out/>
  <testcase classname="AvactisTestCases.CustomerspageTest" name="ExportCsv" time="0.000">
    <skipped/>
  </testcase> <!-- ExportCsv -->
  <system-out/>
  <testcase classname="AvactisTestCases.CustomerspageTest" name="ResetPassword" time="0.000">
    <skipped/>
  </testcase> <!-- ResetPassword -->
  <system-out/>
</testsuite> <!-- AvactisTestCases.CustomerspageTest -->
