<?xml version="1.0" encoding="UTF-8"?>
<!-- Generated by org.testng.reporters.JUnitReportReporter -->
<testsuite hostname="jeeveslaptop" failures="0" tests="1" name="AvactisTestCases.ManufacturersTest" time="35.436" errors="0" timestamp="2022-11-20T21:48:30 IST" skipped="0">
  <testcase classname="AvactisTestCases.ManufacturersTest" name="AddManufacturer" time="35.436"/>
  <system-out/>
</testsuite> <!-- AvactisTestCases.ManufacturersTest -->
