<?xml version="1.0" encoding="UTF-8"?>
<!-- Generated by org.testng.reporters.JUnitReportReporter -->
<testsuite hostname="jeeveslaptop" failures="0" tests="3" name="AvactisTestCases.CustmersageTest" time="64.097" errors="0" timestamp="2022-11-17T03:03:01 IST" skipped="0">
  <testcase classname="AvactisTestCases.CustmersageTest" name="ExportCsv" time="15.625"/>
  <system-out/>
  <testcase classname="AvactisTestCases.CustmersageTest" name="ResetPassword" time="7.769"/>
  <system-out/>
  <testcase classname="AvactisTestCases.CustmersageTest" name="CreateCustmersGrp" time="40.703"/>
  <system-out/>
</testsuite> <!-- AvactisTestCases.CustmersageTest -->
